        -:    0:Source:/dockerx/hipSOLVER/library/src/common/hipsolver_dense_common.cpp
        -:    0:Graph:build/debug/library/src/CMakeFiles/hipsolver.dir/common/hipsolver_dense_common.cpp.gcno
        -:    0:Data:build/debug/library/src/CMakeFiles/hipsolver.dir/common/hipsolver_dense_common.cpp.gcda
        -:    0:Runs:1
        -:    1:/* ************************************************************************
        -:    2: * Copyright (C) 2020-2025 Advanced Micro Devices, Inc. All rights reserved.
        -:    3: *
        -:    4: * Permission is hereby granted, free of charge, to any person obtaining a copy
        -:    5: * of this software and associated documentation files (the "Software"), to deal
        -:    6: * in the Software without restriction, including without limitation the rights
        -:    7: * to use, copy, modify, merge, publish, distribute, sublicense, and/or sell cop-
        -:    8: * ies of the Software, and to permit persons to whom the Software is furnished
        -:    9: * to do so, subject to the following conditions:
        -:   10: *
        -:   11: * The above copyright notice and this permission notice shall be included in all
        -:   12: * copies or substantial portions of the Software.
        -:   13: *
        -:   14: * THE SOFTWARE IS PROVIDED "AS IS", WITHOUT WARRANTY OF ANY KIND, EXPRESS OR IM-
        -:   15: * PLIED, INCLUDING BUT NOT LIMITED TO THE WARRANTIES OF MERCHANTABILITY, FITNESS
        -:   16: * FOR A PARTICULAR PURPOSE AND NONINFRINGEMENT. IN NO EVENT SHALL THE AUTHORS OR
        -:   17: * COPYRIGHT HOLDERS BE LIABLE FOR ANY CLAIM, DAMAGES OR OTHER LIABILITY, WHETHER
        -:   18: * IN AN ACTION OF CONTRACT, TORT OR OTHERWISE, ARISING FROM, OUT OF OR IN CONNE-
        -:   19: * CTION WITH THE SOFTWARE OR THE USE OR OTHER DEALINGS IN THE SOFTWARE.
        -:   20: *
        -:   21: *
        -:   22: * ************************************************************************ */
        -:   23:
        -:   24:/*! \file
        -:   25: *  \brief hipsolver_dense_common.cpp provides implementations of the compatibility APIs
        -:   26: *  that are equivalent for both cuSOLVER and rocSOLVER. These simply call hipSOLVER's
        -:   27: *  regular APIs.
        -:   28: */
        -:   29:
        -:   30:#include "hipsolver.h"
        -:   31:
        -:   32:extern "C" {
        -:   33:
        -:   34:// helpers
    #####:   35:hipsolverStatus_t hipsolverDnCreate(hipsolverHandle_t* handle)
        -:   36:{
    #####:   37:    return hipsolverCreate(handle);
        -:   38:}
        -:   39:
    #####:   40:hipsolverStatus_t hipsolverDnDestroy(hipsolverHandle_t handle)
        -:   41:{
    #####:   42:    return hipsolverDestroy(handle);
        -:   43:}
        -:   44:
    #####:   45:hipsolverStatus_t hipsolverDnSetStream(hipsolverHandle_t handle, hipStream_t streamId)
        -:   46:{
    #####:   47:    return hipsolverSetStream(handle, streamId);
        -:   48:}
        -:   49:
    #####:   50:hipsolverStatus_t hipsolverDnGetStream(hipsolverHandle_t handle, hipStream_t* streamId)
        -:   51:{
    #####:   52:    return hipsolverGetStream(handle, streamId);
        -:   53:}
        -:   54:
    #####:   55:hipsolverStatus_t hipsolverDnSetDeterministicMode(hipsolverHandle_t            handle,
        -:   56:                                                  hipsolverDeterministicMode_t mode)
        -:   57:{
    #####:   58:    return hipsolverSetDeterministicMode(handle, mode);
        -:   59:}
        -:   60:
    #####:   61:hipsolverStatus_t hipsolverDnGetDeterministicMode(hipsolverHandle_t             handle,
        -:   62:                                                  hipsolverDeterministicMode_t* mode)
        -:   63:{
    #####:   64:    return hipsolverGetDeterministicMode(handle, mode);
        -:   65:}
        -:   66:
        -:   67:// gesvdj params
    #####:   68:hipsolverStatus_t hipsolverDnCreateGesvdjInfo(hipsolverGesvdjInfo_t* info)
        -:   69:{
    #####:   70:    return hipsolverCreateGesvdjInfo(info);
        -:   71:}
        -:   72:
    #####:   73:hipsolverStatus_t hipsolverDnDestroyGesvdjInfo(hipsolverGesvdjInfo_t info)
        -:   74:{
    #####:   75:    return hipsolverDestroyGesvdjInfo(info);
        -:   76:}
        -:   77:
    #####:   78:hipsolverStatus_t hipsolverDnXgesvdjSetMaxSweeps(hipsolverGesvdjInfo_t info, int max_sweeps)
        -:   79:{
    #####:   80:    return hipsolverXgesvdjSetMaxSweeps(info, max_sweeps);
        -:   81:}
        -:   82:
    #####:   83:hipsolverStatus_t hipsolverDnXgesvdjSetSortEig(hipsolverGesvdjInfo_t info, int sort_eig)
        -:   84:{
    #####:   85:    return hipsolverXgesvdjSetSortEig(info, sort_eig);
        -:   86:}
        -:   87:
    #####:   88:hipsolverStatus_t hipsolverDnXgesvdjSetTolerance(hipsolverGesvdjInfo_t info, double tolerance)
        -:   89:{
    #####:   90:    return hipsolverXgesvdjSetTolerance(info, tolerance);
        -:   91:}
        -:   92:
    #####:   93:hipsolverStatus_t hipsolverDnXgesvdjGetResidual(hipsolverDnHandle_t   handle,
        -:   94:                                                hipsolverGesvdjInfo_t info,
        -:   95:                                                double*               residual)
        -:   96:{
    #####:   97:    return hipsolverXgesvdjGetResidual(handle, info, residual);
        -:   98:}
        -:   99:
    #####:  100:hipsolverStatus_t hipsolverDnXgesvdjGetSweeps(hipsolverDnHandle_t   handle,
        -:  101:                                              hipsolverGesvdjInfo_t info,
        -:  102:                                              int*                  executed_sweeps)
        -:  103:{
    #####:  104:    return hipsolverXgesvdjGetSweeps(handle, info, executed_sweeps);
        -:  105:}
        -:  106:
        -:  107:// syevj params
    #####:  108:hipsolverStatus_t hipsolverDnCreateSyevjInfo(hipsolverSyevjInfo_t* info)
        -:  109:{
    #####:  110:    return hipsolverCreateSyevjInfo(info);
        -:  111:}
        -:  112:
    #####:  113:hipsolverStatus_t hipsolverDnDestroySyevjInfo(hipsolverSyevjInfo_t info)
        -:  114:{
    #####:  115:    return hipsolverDestroySyevjInfo(info);
        -:  116:}
        -:  117:
    #####:  118:hipsolverStatus_t hipsolverDnXsyevjSetMaxSweeps(hipsolverSyevjInfo_t info, int max_sweeps)
        -:  119:{
    #####:  120:    return hipsolverXsyevjSetMaxSweeps(info, max_sweeps);
        -:  121:}
        -:  122:
    #####:  123:hipsolverStatus_t hipsolverDnXsyevjSetSortEig(hipsolverSyevjInfo_t info, int sort_eig)
        -:  124:{
    #####:  125:    return hipsolverXsyevjSetSortEig(info, sort_eig);
        -:  126:}
        -:  127:
    #####:  128:hipsolverStatus_t hipsolverDnXsyevjSetTolerance(hipsolverSyevjInfo_t info, double tolerance)
        -:  129:{
    #####:  130:    return hipsolverXsyevjSetTolerance(info, tolerance);
        -:  131:}
        -:  132:
    #####:  133:hipsolverStatus_t hipsolverDnXsyevjGetResidual(hipsolverDnHandle_t  handle,
        -:  134:                                               hipsolverSyevjInfo_t info,
        -:  135:                                               double*              residual)
        -:  136:{
    #####:  137:    return hipsolverXsyevjGetResidual(handle, info, residual);
        -:  138:}
        -:  139:
    #####:  140:hipsolverStatus_t hipsolverDnXsyevjGetSweeps(hipsolverDnHandle_t  handle,
        -:  141:                                             hipsolverSyevjInfo_t info,
        -:  142:                                             int*                 executed_sweeps)
        -:  143:{
    #####:  144:    return hipsolverXsyevjGetSweeps(handle, info, executed_sweeps);
        -:  145:}
        -:  146:
        -:  147:// orgbr/ungbr
    #####:  148:hipsolverStatus_t hipsolverDnSorgbr_bufferSize(hipsolverHandle_t   handle,
        -:  149:                                               hipsolverSideMode_t side,
        -:  150:                                               int                 m,
        -:  151:                                               int                 n,
        -:  152:                                               int                 k,
        -:  153:                                               const float*        A,
        -:  154:                                               int                 lda,
        -:  155:                                               const float*        tau,
        -:  156:                                               int*                lwork)
        -:  157:{
    #####:  158:    return hipsolverSorgbr_bufferSize(
    #####:  159:        handle, side, m, n, k, const_cast<float*>(A), lda, const_cast<float*>(tau), lwork);
        -:  160:}
        -:  161:
    #####:  162:hipsolverStatus_t hipsolverDnDorgbr_bufferSize(hipsolverHandle_t   handle,
        -:  163:                                               hipsolverSideMode_t side,
        -:  164:                                               int                 m,
        -:  165:                                               int                 n,
        -:  166:                                               int                 k,
        -:  167:                                               const double*       A,
        -:  168:                                               int                 lda,
        -:  169:                                               const double*       tau,
        -:  170:                                               int*                lwork)
        -:  171:{
    #####:  172:    return hipsolverDorgbr_bufferSize(
    #####:  173:        handle, side, m, n, k, const_cast<double*>(A), lda, const_cast<double*>(tau), lwork);
        -:  174:}
        -:  175:
    #####:  176:hipsolverStatus_t hipsolverDnCungbr_bufferSize(hipsolverHandle_t      handle,
        -:  177:                                               hipsolverSideMode_t    side,
        -:  178:                                               int                    m,
        -:  179:                                               int                    n,
        -:  180:                                               int                    k,
        -:  181:                                               const hipFloatComplex* A,
        -:  182:                                               int                    lda,
        -:  183:                                               const hipFloatComplex* tau,
        -:  184:                                               int*                   lwork)
        -:  185:{
    #####:  186:    return hipsolverCungbr_bufferSize(handle,
        -:  187:                                      side,
        -:  188:                                      m,
        -:  189:                                      n,
        -:  190:                                      k,
        -:  191:                                      const_cast<hipFloatComplex*>(A),
        -:  192:                                      lda,
        -:  193:                                      const_cast<hipFloatComplex*>(tau),
    #####:  194:                                      lwork);
        -:  195:}
        -:  196:
    #####:  197:hipsolverStatus_t hipsolverDnZungbr_bufferSize(hipsolverHandle_t       handle,
        -:  198:                                               hipsolverSideMode_t     side,
        -:  199:                                               int                     m,
        -:  200:                                               int                     n,
        -:  201:                                               int                     k,
        -:  202:                                               const hipDoubleComplex* A,
        -:  203:                                               int                     lda,
        -:  204:                                               const hipDoubleComplex* tau,
        -:  205:                                               int*                    lwork)
        -:  206:{
    #####:  207:    return hipsolverZungbr_bufferSize(handle,
        -:  208:                                      side,
        -:  209:                                      m,
        -:  210:                                      n,
        -:  211:                                      k,
        -:  212:                                      const_cast<hipDoubleComplex*>(A),
        -:  213:                                      lda,
        -:  214:                                      const_cast<hipDoubleComplex*>(tau),
    #####:  215:                                      lwork);
        -:  216:}
        -:  217:
    #####:  218:hipsolverStatus_t hipsolverDnSorgbr(hipsolverHandle_t   handle,
        -:  219:                                    hipsolverSideMode_t side,
        -:  220:                                    int                 m,
        -:  221:                                    int                 n,
        -:  222:                                    int                 k,
        -:  223:                                    float*              A,
        -:  224:                                    int                 lda,
        -:  225:                                    const float*        tau,
        -:  226:                                    float*              work,
        -:  227:                                    int                 lwork,
        -:  228:                                    int*                devInfo)
        -:  229:{
    #####:  230:    return hipsolverSorgbr(
    #####:  231:        handle, side, m, n, k, A, lda, const_cast<float*>(tau), work, lwork, devInfo);
        -:  232:}
        -:  233:
    #####:  234:hipsolverStatus_t hipsolverDnDorgbr(hipsolverHandle_t   handle,
        -:  235:                                    hipsolverSideMode_t side,
        -:  236:                                    int                 m,
        -:  237:                                    int                 n,
        -:  238:                                    int                 k,
        -:  239:                                    double*             A,
        -:  240:                                    int                 lda,
        -:  241:                                    const double*       tau,
        -:  242:                                    double*             work,
        -:  243:                                    int                 lwork,
        -:  244:                                    int*                devInfo)
        -:  245:{
    #####:  246:    return hipsolverDorgbr(
    #####:  247:        handle, side, m, n, k, A, lda, const_cast<double*>(tau), work, lwork, devInfo);
        -:  248:}
        -:  249:
    #####:  250:hipsolverStatus_t hipsolverDnCungbr(hipsolverHandle_t      handle,
        -:  251:                                    hipsolverSideMode_t    side,
        -:  252:                                    int                    m,
        -:  253:                                    int                    n,
        -:  254:                                    int                    k,
        -:  255:                                    hipFloatComplex*       A,
        -:  256:                                    int                    lda,
        -:  257:                                    const hipFloatComplex* tau,
        -:  258:                                    hipFloatComplex*       work,
        -:  259:                                    int                    lwork,
        -:  260:                                    int*                   devInfo)
        -:  261:{
    #####:  262:    return hipsolverCungbr(
    #####:  263:        handle, side, m, n, k, A, lda, const_cast<hipFloatComplex*>(tau), work, lwork, devInfo);
        -:  264:}
        -:  265:
    #####:  266:hipsolverStatus_t hipsolverDnZungbr(hipsolverHandle_t       handle,
        -:  267:                                    hipsolverSideMode_t     side,
        -:  268:                                    int                     m,
        -:  269:                                    int                     n,
        -:  270:                                    int                     k,
        -:  271:                                    hipDoubleComplex*       A,
        -:  272:                                    int                     lda,
        -:  273:                                    const hipDoubleComplex* tau,
        -:  274:                                    hipDoubleComplex*       work,
        -:  275:                                    int                     lwork,
        -:  276:                                    int*                    devInfo)
        -:  277:{
    #####:  278:    return hipsolverZungbr(
    #####:  279:        handle, side, m, n, k, A, lda, const_cast<hipDoubleComplex*>(tau), work, lwork, devInfo);
        -:  280:}
        -:  281:
        -:  282:// orgqr/ungqr
    #####:  283:hipsolverStatus_t hipsolverDnSorgqr_bufferSize(hipsolverHandle_t handle,
        -:  284:                                               int               m,
        -:  285:                                               int               n,
        -:  286:                                               int               k,
        -:  287:                                               const float*      A,
        -:  288:                                               int               lda,
        -:  289:                                               const float*      tau,
        -:  290:                                               int*              lwork)
        -:  291:{
    #####:  292:    return hipsolverSorgqr_bufferSize(
    #####:  293:        handle, m, n, k, const_cast<float*>(A), lda, const_cast<float*>(tau), lwork);
        -:  294:}
        -:  295:
    #####:  296:hipsolverStatus_t hipsolverDnDorgqr_bufferSize(hipsolverHandle_t handle,
        -:  297:                                               int               m,
        -:  298:                                               int               n,
        -:  299:                                               int               k,
        -:  300:                                               const double*     A,
        -:  301:                                               int               lda,
        -:  302:                                               const double*     tau,
        -:  303:                                               int*              lwork)
        -:  304:{
    #####:  305:    return hipsolverDorgqr_bufferSize(
    #####:  306:        handle, m, n, k, const_cast<double*>(A), lda, const_cast<double*>(tau), lwork);
        -:  307:}
        -:  308:
    #####:  309:hipsolverStatus_t hipsolverDnCungqr_bufferSize(hipsolverHandle_t      handle,
        -:  310:                                               int                    m,
        -:  311:                                               int                    n,
        -:  312:                                               int                    k,
        -:  313:                                               const hipFloatComplex* A,
        -:  314:                                               int                    lda,
        -:  315:                                               const hipFloatComplex* tau,
        -:  316:                                               int*                   lwork)
        -:  317:{
    #####:  318:    return hipsolverCungqr_bufferSize(handle,
        -:  319:                                      m,
        -:  320:                                      n,
        -:  321:                                      k,
        -:  322:                                      const_cast<hipFloatComplex*>(A),
        -:  323:                                      lda,
        -:  324:                                      const_cast<hipFloatComplex*>(tau),
    #####:  325:                                      lwork);
        -:  326:}
        -:  327:
    #####:  328:hipsolverStatus_t hipsolverDnZungqr_bufferSize(hipsolverHandle_t       handle,
        -:  329:                                               int                     m,
        -:  330:                                               int                     n,
        -:  331:                                               int                     k,
        -:  332:                                               const hipDoubleComplex* A,
        -:  333:                                               int                     lda,
        -:  334:                                               const hipDoubleComplex* tau,
        -:  335:                                               int*                    lwork)
        -:  336:{
    #####:  337:    return hipsolverZungqr_bufferSize(handle,
        -:  338:                                      m,
        -:  339:                                      n,
        -:  340:                                      k,
        -:  341:                                      const_cast<hipDoubleComplex*>(A),
        -:  342:                                      lda,
        -:  343:                                      const_cast<hipDoubleComplex*>(tau),
    #####:  344:                                      lwork);
        -:  345:}
        -:  346:
    #####:  347:hipsolverStatus_t hipsolverDnSorgqr(hipsolverHandle_t handle,
        -:  348:                                    int               m,
        -:  349:                                    int               n,
        -:  350:                                    int               k,
        -:  351:                                    float*            A,
        -:  352:                                    int               lda,
        -:  353:                                    const float*      tau,
        -:  354:                                    float*            work,
        -:  355:                                    int               lwork,
        -:  356:                                    int*              devInfo)
        -:  357:{
    #####:  358:    return hipsolverSorgqr(handle, m, n, k, A, lda, const_cast<float*>(tau), work, lwork, devInfo);
        -:  359:}
        -:  360:
    #####:  361:hipsolverStatus_t hipsolverDnDorgqr(hipsolverHandle_t handle,
        -:  362:                                    int               m,
        -:  363:                                    int               n,
        -:  364:                                    int               k,
        -:  365:                                    double*           A,
        -:  366:                                    int               lda,
        -:  367:                                    const double*     tau,
        -:  368:                                    double*           work,
        -:  369:                                    int               lwork,
        -:  370:                                    int*              devInfo)
        -:  371:{
    #####:  372:    return hipsolverDorgqr(handle, m, n, k, A, lda, const_cast<double*>(tau), work, lwork, devInfo);
        -:  373:}
        -:  374:
    #####:  375:hipsolverStatus_t hipsolverDnCungqr(hipsolverHandle_t      handle,
        -:  376:                                    int                    m,
        -:  377:                                    int                    n,
        -:  378:                                    int                    k,
        -:  379:                                    hipFloatComplex*       A,
        -:  380:                                    int                    lda,
        -:  381:                                    const hipFloatComplex* tau,
        -:  382:                                    hipFloatComplex*       work,
        -:  383:                                    int                    lwork,
        -:  384:                                    int*                   devInfo)
        -:  385:{
    #####:  386:    return hipsolverCungqr(
    #####:  387:        handle, m, n, k, A, lda, const_cast<hipFloatComplex*>(tau), work, lwork, devInfo);
        -:  388:}
        -:  389:
    #####:  390:hipsolverStatus_t hipsolverDnZungqr(hipsolverHandle_t       handle,
        -:  391:                                    int                     m,
        -:  392:                                    int                     n,
        -:  393:                                    int                     k,
        -:  394:                                    hipDoubleComplex*       A,
        -:  395:                                    int                     lda,
        -:  396:                                    const hipDoubleComplex* tau,
        -:  397:                                    hipDoubleComplex*       work,
        -:  398:                                    int                     lwork,
        -:  399:                                    int*                    devInfo)
        -:  400:{
    #####:  401:    return hipsolverZungqr(
    #####:  402:        handle, m, n, k, A, lda, const_cast<hipDoubleComplex*>(tau), work, lwork, devInfo);
        -:  403:}
        -:  404:
        -:  405:// orgtr/ungtr
    #####:  406:hipsolverStatus_t hipsolverDnSorgtr_bufferSize(hipsolverHandle_t   handle,
        -:  407:                                               hipsolverFillMode_t uplo,
        -:  408:                                               int                 n,
        -:  409:                                               const float*        A,
        -:  410:                                               int                 lda,
        -:  411:                                               const float*        tau,
        -:  412:                                               int*                lwork)
        -:  413:{
    #####:  414:    return hipsolverSorgtr_bufferSize(
    #####:  415:        handle, uplo, n, const_cast<float*>(A), lda, const_cast<float*>(tau), lwork);
        -:  416:}
        -:  417:
    #####:  418:hipsolverStatus_t hipsolverDnDorgtr_bufferSize(hipsolverHandle_t   handle,
        -:  419:                                               hipsolverFillMode_t uplo,
        -:  420:                                               int                 n,
        -:  421:                                               const double*       A,
        -:  422:                                               int                 lda,
        -:  423:                                               const double*       tau,
        -:  424:                                               int*                lwork)
        -:  425:{
    #####:  426:    return hipsolverDorgtr_bufferSize(
    #####:  427:        handle, uplo, n, const_cast<double*>(A), lda, const_cast<double*>(tau), lwork);
        -:  428:}
        -:  429:
    #####:  430:hipsolverStatus_t hipsolverDnCungtr_bufferSize(hipsolverHandle_t      handle,
        -:  431:                                               hipsolverFillMode_t    uplo,
        -:  432:                                               int                    n,
        -:  433:                                               const hipFloatComplex* A,
        -:  434:                                               int                    lda,
        -:  435:                                               const hipFloatComplex* tau,
        -:  436:                                               int*                   lwork)
        -:  437:{
    #####:  438:    return hipsolverCungtr_bufferSize(handle,
        -:  439:                                      uplo,
        -:  440:                                      n,
        -:  441:                                      const_cast<hipFloatComplex*>(A),
        -:  442:                                      lda,
        -:  443:                                      const_cast<hipFloatComplex*>(tau),
    #####:  444:                                      lwork);
        -:  445:}
        -:  446:
    #####:  447:hipsolverStatus_t hipsolverDnZungtr_bufferSize(hipsolverHandle_t       handle,
        -:  448:                                               hipsolverFillMode_t     uplo,
        -:  449:                                               int                     n,
        -:  450:                                               const hipDoubleComplex* A,
        -:  451:                                               int                     lda,
        -:  452:                                               const hipDoubleComplex* tau,
        -:  453:                                               int*                    lwork)
        -:  454:{
    #####:  455:    return hipsolverZungtr_bufferSize(handle,
        -:  456:                                      uplo,
        -:  457:                                      n,
        -:  458:                                      const_cast<hipDoubleComplex*>(A),
        -:  459:                                      lda,
        -:  460:                                      const_cast<hipDoubleComplex*>(tau),
    #####:  461:                                      lwork);
        -:  462:}
        -:  463:
    #####:  464:hipsolverStatus_t hipsolverDnSorgtr(hipsolverHandle_t   handle,
        -:  465:                                    hipsolverFillMode_t uplo,
        -:  466:                                    int                 n,
        -:  467:                                    float*              A,
        -:  468:                                    int                 lda,
        -:  469:                                    const float*        tau,
        -:  470:                                    float*              work,
        -:  471:                                    int                 lwork,
        -:  472:                                    int*                devInfo)
        -:  473:{
    #####:  474:    return hipsolverSorgtr(handle, uplo, n, A, lda, const_cast<float*>(tau), work, lwork, devInfo);
        -:  475:}
        -:  476:
    #####:  477:hipsolverStatus_t hipsolverDnDorgtr(hipsolverHandle_t   handle,
        -:  478:                                    hipsolverFillMode_t uplo,
        -:  479:                                    int                 n,
        -:  480:                                    double*             A,
        -:  481:                                    int                 lda,
        -:  482:                                    const double*       tau,
        -:  483:                                    double*             work,
        -:  484:                                    int                 lwork,
        -:  485:                                    int*                devInfo)
        -:  486:{
    #####:  487:    return hipsolverDorgtr(handle, uplo, n, A, lda, const_cast<double*>(tau), work, lwork, devInfo);
        -:  488:}
        -:  489:
    #####:  490:hipsolverStatus_t hipsolverDnCungtr(hipsolverHandle_t      handle,
        -:  491:                                    hipsolverFillMode_t    uplo,
        -:  492:                                    int                    n,
        -:  493:                                    hipFloatComplex*       A,
        -:  494:                                    int                    lda,
        -:  495:                                    const hipFloatComplex* tau,
        -:  496:                                    hipFloatComplex*       work,
        -:  497:                                    int                    lwork,
        -:  498:                                    int*                   devInfo)
        -:  499:{
    #####:  500:    return hipsolverCungtr(
    #####:  501:        handle, uplo, n, A, lda, const_cast<hipFloatComplex*>(tau), work, lwork, devInfo);
        -:  502:}
        -:  503:
    #####:  504:hipsolverStatus_t hipsolverDnZungtr(hipsolverHandle_t       handle,
        -:  505:                                    hipsolverFillMode_t     uplo,
        -:  506:                                    int                     n,
        -:  507:                                    hipDoubleComplex*       A,
        -:  508:                                    int                     lda,
        -:  509:                                    const hipDoubleComplex* tau,
        -:  510:                                    hipDoubleComplex*       work,
        -:  511:                                    int                     lwork,
        -:  512:                                    int*                    devInfo)
        -:  513:{
    #####:  514:    return hipsolverZungtr(
    #####:  515:        handle, uplo, n, A, lda, const_cast<hipDoubleComplex*>(tau), work, lwork, devInfo);
        -:  516:}
        -:  517:
        -:  518:// ormqr/unmqr
    #####:  519:hipsolverStatus_t hipsolverDnSormqr_bufferSize(hipsolverHandle_t    handle,
        -:  520:                                               hipsolverSideMode_t  side,
        -:  521:                                               hipsolverOperation_t trans,
        -:  522:                                               int                  m,
        -:  523:                                               int                  n,
        -:  524:                                               int                  k,
        -:  525:                                               const float*         A,
        -:  526:                                               int                  lda,
        -:  527:                                               const float*         tau,
        -:  528:                                               const float*         C,
        -:  529:                                               int                  ldc,
        -:  530:                                               int*                 lwork)
        -:  531:{
    #####:  532:    return hipsolverSormqr_bufferSize(handle,
        -:  533:                                      side,
        -:  534:                                      trans,
        -:  535:                                      m,
        -:  536:                                      n,
        -:  537:                                      k,
        -:  538:                                      const_cast<float*>(A),
        -:  539:                                      lda,
        -:  540:                                      const_cast<float*>(tau),
        -:  541:                                      const_cast<float*>(C),
        -:  542:                                      ldc,
    #####:  543:                                      lwork);
        -:  544:}
        -:  545:
    #####:  546:hipsolverStatus_t hipsolverDnDormqr_bufferSize(hipsolverHandle_t    handle,
        -:  547:                                               hipsolverSideMode_t  side,
        -:  548:                                               hipsolverOperation_t trans,
        -:  549:                                               int                  m,
        -:  550:                                               int                  n,
        -:  551:                                               int                  k,
        -:  552:                                               const double*        A,
        -:  553:                                               int                  lda,
        -:  554:                                               const double*        tau,
        -:  555:                                               const double*        C,
        -:  556:                                               int                  ldc,
        -:  557:                                               int*                 lwork)
        -:  558:{
    #####:  559:    return hipsolverDormqr_bufferSize(handle,
        -:  560:                                      side,
        -:  561:                                      trans,
        -:  562:                                      m,
        -:  563:                                      n,
        -:  564:                                      k,
        -:  565:                                      const_cast<double*>(A),
        -:  566:                                      lda,
        -:  567:                                      const_cast<double*>(tau),
        -:  568:                                      const_cast<double*>(C),
        -:  569:                                      ldc,
    #####:  570:                                      lwork);
        -:  571:}
        -:  572:
    #####:  573:hipsolverStatus_t hipsolverDnCunmqr_bufferSize(hipsolverHandle_t      handle,
        -:  574:                                               hipsolverSideMode_t    side,
        -:  575:                                               hipsolverOperation_t   trans,
        -:  576:                                               int                    m,
        -:  577:                                               int                    n,
        -:  578:                                               int                    k,
        -:  579:                                               const hipFloatComplex* A,
        -:  580:                                               int                    lda,
        -:  581:                                               const hipFloatComplex* tau,
        -:  582:                                               const hipFloatComplex* C,
        -:  583:                                               int                    ldc,
        -:  584:                                               int*                   lwork)
        -:  585:{
    #####:  586:    return hipsolverCunmqr_bufferSize(handle,
        -:  587:                                      side,
        -:  588:                                      trans,
        -:  589:                                      m,
        -:  590:                                      n,
        -:  591:                                      k,
        -:  592:                                      const_cast<hipFloatComplex*>(A),
        -:  593:                                      lda,
        -:  594:                                      const_cast<hipFloatComplex*>(tau),
        -:  595:                                      const_cast<hipFloatComplex*>(C),
        -:  596:                                      ldc,
    #####:  597:                                      lwork);
        -:  598:}
        -:  599:
    #####:  600:hipsolverStatus_t hipsolverDnZunmqr_bufferSize(hipsolverHandle_t       handle,
        -:  601:                                               hipsolverSideMode_t     side,
        -:  602:                                               hipsolverOperation_t    trans,
        -:  603:                                               int                     m,
        -:  604:                                               int                     n,
        -:  605:                                               int                     k,
        -:  606:                                               const hipDoubleComplex* A,
        -:  607:                                               int                     lda,
        -:  608:                                               const hipDoubleComplex* tau,
        -:  609:                                               const hipDoubleComplex* C,
        -:  610:                                               int                     ldc,
        -:  611:                                               int*                    lwork)
        -:  612:{
    #####:  613:    return hipsolverZunmqr_bufferSize(handle,
        -:  614:                                      side,
        -:  615:                                      trans,
        -:  616:                                      m,
        -:  617:                                      n,
        -:  618:                                      k,
        -:  619:                                      const_cast<hipDoubleComplex*>(A),
        -:  620:                                      lda,
        -:  621:                                      const_cast<hipDoubleComplex*>(tau),
        -:  622:                                      const_cast<hipDoubleComplex*>(C),
        -:  623:                                      ldc,
    #####:  624:                                      lwork);
        -:  625:}
        -:  626:
    #####:  627:hipsolverStatus_t hipsolverDnSormqr(hipsolverHandle_t    handle,
        -:  628:                                    hipsolverSideMode_t  side,
        -:  629:                                    hipsolverOperation_t trans,
        -:  630:                                    int                  m,
        -:  631:                                    int                  n,
        -:  632:                                    int                  k,
        -:  633:                                    const float*         A,
        -:  634:                                    int                  lda,
        -:  635:                                    const float*         tau,
        -:  636:                                    float*               C,
        -:  637:                                    int                  ldc,
        -:  638:                                    float*               work,
        -:  639:                                    int                  lwork,
        -:  640:                                    int*                 devInfo)
        -:  641:{
    #####:  642:    return hipsolverSormqr(handle,
        -:  643:                           side,
        -:  644:                           trans,
        -:  645:                           m,
        -:  646:                           n,
        -:  647:                           k,
        -:  648:                           const_cast<float*>(A),
        -:  649:                           lda,
        -:  650:                           const_cast<float*>(tau),
        -:  651:                           C,
        -:  652:                           ldc,
        -:  653:                           work,
        -:  654:                           lwork,
    #####:  655:                           devInfo);
        -:  656:}
        -:  657:
    #####:  658:hipsolverStatus_t hipsolverDnDormqr(hipsolverHandle_t    handle,
        -:  659:                                    hipsolverSideMode_t  side,
        -:  660:                                    hipsolverOperation_t trans,
        -:  661:                                    int                  m,
        -:  662:                                    int                  n,
        -:  663:                                    int                  k,
        -:  664:                                    const double*        A,
        -:  665:                                    int                  lda,
        -:  666:                                    const double*        tau,
        -:  667:                                    double*              C,
        -:  668:                                    int                  ldc,
        -:  669:                                    double*              work,
        -:  670:                                    int                  lwork,
        -:  671:                                    int*                 devInfo)
        -:  672:{
    #####:  673:    return hipsolverDormqr(handle,
        -:  674:                           side,
        -:  675:                           trans,
        -:  676:                           m,
        -:  677:                           n,
        -:  678:                           k,
        -:  679:                           const_cast<double*>(A),
        -:  680:                           lda,
        -:  681:                           const_cast<double*>(tau),
        -:  682:                           C,
        -:  683:                           ldc,
        -:  684:                           work,
        -:  685:                           lwork,
    #####:  686:                           devInfo);
        -:  687:}
        -:  688:
    #####:  689:hipsolverStatus_t hipsolverDnCunmqr(hipsolverHandle_t      handle,
        -:  690:                                    hipsolverSideMode_t    side,
        -:  691:                                    hipsolverOperation_t   trans,
        -:  692:                                    int                    m,
        -:  693:                                    int                    n,
        -:  694:                                    int                    k,
        -:  695:                                    const hipFloatComplex* A,
        -:  696:                                    int                    lda,
        -:  697:                                    const hipFloatComplex* tau,
        -:  698:                                    hipFloatComplex*       C,
        -:  699:                                    int                    ldc,
        -:  700:                                    hipFloatComplex*       work,
        -:  701:                                    int                    lwork,
        -:  702:                                    int*                   devInfo)
        -:  703:{
    #####:  704:    return hipsolverCunmqr(handle,
        -:  705:                           side,
        -:  706:                           trans,
        -:  707:                           m,
        -:  708:                           n,
        -:  709:                           k,
        -:  710:                           const_cast<hipFloatComplex*>(A),
        -:  711:                           lda,
        -:  712:                           const_cast<hipFloatComplex*>(tau),
        -:  713:                           C,
        -:  714:                           ldc,
        -:  715:                           work,
        -:  716:                           lwork,
    #####:  717:                           devInfo);
        -:  718:}
        -:  719:
    #####:  720:hipsolverStatus_t hipsolverDnZunmqr(hipsolverHandle_t       handle,
        -:  721:                                    hipsolverSideMode_t     side,
        -:  722:                                    hipsolverOperation_t    trans,
        -:  723:                                    int                     m,
        -:  724:                                    int                     n,
        -:  725:                                    int                     k,
        -:  726:                                    const hipDoubleComplex* A,
        -:  727:                                    int                     lda,
        -:  728:                                    const hipDoubleComplex* tau,
        -:  729:                                    hipDoubleComplex*       C,
        -:  730:                                    int                     ldc,
        -:  731:                                    hipDoubleComplex*       work,
        -:  732:                                    int                     lwork,
        -:  733:                                    int*                    devInfo)
        -:  734:{
    #####:  735:    return hipsolverZunmqr(handle,
        -:  736:                           side,
        -:  737:                           trans,
        -:  738:                           m,
        -:  739:                           n,
        -:  740:                           k,
        -:  741:                           const_cast<hipDoubleComplex*>(A),
        -:  742:                           lda,
        -:  743:                           const_cast<hipDoubleComplex*>(tau),
        -:  744:                           C,
        -:  745:                           ldc,
        -:  746:                           work,
        -:  747:                           lwork,
    #####:  748:                           devInfo);
        -:  749:}
        -:  750:
        -:  751:// ormtr/unmtr
    #####:  752:hipsolverStatus_t hipsolverDnSormtr_bufferSize(hipsolverHandle_t    handle,
        -:  753:                                               hipsolverSideMode_t  side,
        -:  754:                                               hipsolverFillMode_t  uplo,
        -:  755:                                               hipsolverOperation_t trans,
        -:  756:                                               int                  m,
        -:  757:                                               int                  n,
        -:  758:                                               const float*         A,
        -:  759:                                               int                  lda,
        -:  760:                                               const float*         tau,
        -:  761:                                               const float*         C,
        -:  762:                                               int                  ldc,
        -:  763:                                               int*                 lwork)
        -:  764:{
    #####:  765:    return hipsolverSormtr_bufferSize(handle,
        -:  766:                                      side,
        -:  767:                                      uplo,
        -:  768:                                      trans,
        -:  769:                                      m,
        -:  770:                                      n,
        -:  771:                                      const_cast<float*>(A),
        -:  772:                                      lda,
        -:  773:                                      const_cast<float*>(tau),
        -:  774:                                      const_cast<float*>(C),
        -:  775:                                      ldc,
    #####:  776:                                      lwork);
        -:  777:}
        -:  778:
    #####:  779:hipsolverStatus_t hipsolverDnDormtr_bufferSize(hipsolverHandle_t    handle,
        -:  780:                                               hipsolverSideMode_t  side,
        -:  781:                                               hipsolverFillMode_t  uplo,
        -:  782:                                               hipsolverOperation_t trans,
        -:  783:                                               int                  m,
        -:  784:                                               int                  n,
        -:  785:                                               const double*        A,
        -:  786:                                               int                  lda,
        -:  787:                                               const double*        tau,
        -:  788:                                               const double*        C,
        -:  789:                                               int                  ldc,
        -:  790:                                               int*                 lwork)
        -:  791:{
    #####:  792:    return hipsolverDormtr_bufferSize(handle,
        -:  793:                                      side,
        -:  794:                                      uplo,
        -:  795:                                      trans,
        -:  796:                                      m,
        -:  797:                                      n,
        -:  798:                                      const_cast<double*>(A),
        -:  799:                                      lda,
        -:  800:                                      const_cast<double*>(tau),
        -:  801:                                      const_cast<double*>(C),
        -:  802:                                      ldc,
    #####:  803:                                      lwork);
        -:  804:}
        -:  805:
    #####:  806:hipsolverStatus_t hipsolverDnCunmtr_bufferSize(hipsolverHandle_t      handle,
        -:  807:                                               hipsolverSideMode_t    side,
        -:  808:                                               hipsolverFillMode_t    uplo,
        -:  809:                                               hipsolverOperation_t   trans,
        -:  810:                                               int                    m,
        -:  811:                                               int                    n,
        -:  812:                                               const hipFloatComplex* A,
        -:  813:                                               int                    lda,
        -:  814:                                               const hipFloatComplex* tau,
        -:  815:                                               const hipFloatComplex* C,
        -:  816:                                               int                    ldc,
        -:  817:                                               int*                   lwork)
        -:  818:{
    #####:  819:    return hipsolverCunmtr_bufferSize(handle,
        -:  820:                                      side,
        -:  821:                                      uplo,
        -:  822:                                      trans,
        -:  823:                                      m,
        -:  824:                                      n,
        -:  825:                                      const_cast<hipFloatComplex*>(A),
        -:  826:                                      lda,
        -:  827:                                      const_cast<hipFloatComplex*>(tau),
        -:  828:                                      const_cast<hipFloatComplex*>(C),
        -:  829:                                      ldc,
    #####:  830:                                      lwork);
        -:  831:}
        -:  832:
    #####:  833:hipsolverStatus_t hipsolverDnZunmtr_bufferSize(hipsolverHandle_t       handle,
        -:  834:                                               hipsolverSideMode_t     side,
        -:  835:                                               hipsolverFillMode_t     uplo,
        -:  836:                                               hipsolverOperation_t    trans,
        -:  837:                                               int                     m,
        -:  838:                                               int                     n,
        -:  839:                                               const hipDoubleComplex* A,
        -:  840:                                               int                     lda,
        -:  841:                                               const hipDoubleComplex* tau,
        -:  842:                                               const hipDoubleComplex* C,
        -:  843:                                               int                     ldc,
        -:  844:                                               int*                    lwork)
        -:  845:{
    #####:  846:    return hipsolverZunmtr_bufferSize(handle,
        -:  847:                                      side,
        -:  848:                                      uplo,
        -:  849:                                      trans,
        -:  850:                                      m,
        -:  851:                                      n,
        -:  852:                                      const_cast<hipDoubleComplex*>(A),
        -:  853:                                      lda,
        -:  854:                                      const_cast<hipDoubleComplex*>(tau),
        -:  855:                                      const_cast<hipDoubleComplex*>(C),
        -:  856:                                      ldc,
    #####:  857:                                      lwork);
        -:  858:}
        -:  859:
    #####:  860:hipsolverStatus_t hipsolverDnSormtr(hipsolverHandle_t    handle,
        -:  861:                                    hipsolverSideMode_t  side,
        -:  862:                                    hipsolverFillMode_t  uplo,
        -:  863:                                    hipsolverOperation_t trans,
        -:  864:                                    int                  m,
        -:  865:                                    int                  n,
        -:  866:                                    float*               A,
        -:  867:                                    int                  lda,
        -:  868:                                    float*               tau,
        -:  869:                                    float*               C,
        -:  870:                                    int                  ldc,
        -:  871:                                    float*               work,
        -:  872:                                    int                  lwork,
        -:  873:                                    int*                 devInfo)
        -:  874:{
    #####:  875:    return hipsolverSormtr(
    #####:  876:        handle, side, uplo, trans, m, n, A, lda, tau, C, ldc, work, lwork, devInfo);
        -:  877:}
        -:  878:
    #####:  879:hipsolverStatus_t hipsolverDnDormtr(hipsolverHandle_t    handle,
        -:  880:                                    hipsolverSideMode_t  side,
        -:  881:                                    hipsolverFillMode_t  uplo,
        -:  882:                                    hipsolverOperation_t trans,
        -:  883:                                    int                  m,
        -:  884:                                    int                  n,
        -:  885:                                    double*              A,
        -:  886:                                    int                  lda,
        -:  887:                                    double*              tau,
        -:  888:                                    double*              C,
        -:  889:                                    int                  ldc,
        -:  890:                                    double*              work,
        -:  891:                                    int                  lwork,
        -:  892:                                    int*                 devInfo)
        -:  893:{
    #####:  894:    return hipsolverDormtr(
    #####:  895:        handle, side, uplo, trans, m, n, A, lda, tau, C, ldc, work, lwork, devInfo);
        -:  896:}
        -:  897:
    #####:  898:hipsolverStatus_t hipsolverDnCunmtr(hipsolverHandle_t    handle,
        -:  899:                                    hipsolverSideMode_t  side,
        -:  900:                                    hipsolverFillMode_t  uplo,
        -:  901:                                    hipsolverOperation_t trans,
        -:  902:                                    int                  m,
        -:  903:                                    int                  n,
        -:  904:                                    hipFloatComplex*     A,
        -:  905:                                    int                  lda,
        -:  906:                                    hipFloatComplex*     tau,
        -:  907:                                    hipFloatComplex*     C,
        -:  908:                                    int                  ldc,
        -:  909:                                    hipFloatComplex*     work,
        -:  910:                                    int                  lwork,
        -:  911:                                    int*                 devInfo)
        -:  912:{
    #####:  913:    return hipsolverCunmtr(
    #####:  914:        handle, side, uplo, trans, m, n, A, lda, tau, C, ldc, work, lwork, devInfo);
        -:  915:}
        -:  916:
    #####:  917:hipsolverStatus_t hipsolverDnZunmtr(hipsolverHandle_t    handle,
        -:  918:                                    hipsolverSideMode_t  side,
        -:  919:                                    hipsolverFillMode_t  uplo,
        -:  920:                                    hipsolverOperation_t trans,
        -:  921:                                    int                  m,
        -:  922:                                    int                  n,
        -:  923:                                    hipDoubleComplex*    A,
        -:  924:                                    int                  lda,
        -:  925:                                    hipDoubleComplex*    tau,
        -:  926:                                    hipDoubleComplex*    C,
        -:  927:                                    int                  ldc,
        -:  928:                                    hipDoubleComplex*    work,
        -:  929:                                    int                  lwork,
        -:  930:                                    int*                 devInfo)
        -:  931:{
    #####:  932:    return hipsolverZunmtr(
    #####:  933:        handle, side, uplo, trans, m, n, A, lda, tau, C, ldc, work, lwork, devInfo);
        -:  934:}
        -:  935:
        -:  936:// gebrd
    #####:  937:hipsolverStatus_t hipsolverDnSgebrd_bufferSize(hipsolverHandle_t handle, int m, int n, int* lwork)
        -:  938:{
    #####:  939:    return hipsolverSgebrd_bufferSize(handle, m, n, lwork);
        -:  940:}
        -:  941:
    #####:  942:hipsolverStatus_t hipsolverDnDgebrd_bufferSize(hipsolverHandle_t handle, int m, int n, int* lwork)
        -:  943:{
    #####:  944:    return hipsolverDgebrd_bufferSize(handle, m, n, lwork);
        -:  945:}
        -:  946:
    #####:  947:hipsolverStatus_t hipsolverDnCgebrd_bufferSize(hipsolverHandle_t handle, int m, int n, int* lwork)
        -:  948:{
    #####:  949:    return hipsolverCgebrd_bufferSize(handle, m, n, lwork);
        -:  950:}
        -:  951:
    #####:  952:hipsolverStatus_t hipsolverDnZgebrd_bufferSize(hipsolverHandle_t handle, int m, int n, int* lwork)
        -:  953:{
    #####:  954:    return hipsolverZgebrd_bufferSize(handle, m, n, lwork);
        -:  955:}
        -:  956:
    #####:  957:hipsolverStatus_t hipsolverDnSgebrd(hipsolverHandle_t handle,
        -:  958:                                    int               m,
        -:  959:                                    int               n,
        -:  960:                                    float*            A,
        -:  961:                                    int               lda,
        -:  962:                                    float*            D,
        -:  963:                                    float*            E,
        -:  964:                                    float*            tauq,
        -:  965:                                    float*            taup,
        -:  966:                                    float*            work,
        -:  967:                                    int               lwork,
        -:  968:                                    int*              devInfo)
        -:  969:{
    #####:  970:    return hipsolverSgebrd(handle, m, n, A, lda, D, E, tauq, taup, work, lwork, devInfo);
        -:  971:}
        -:  972:
    #####:  973:hipsolverStatus_t hipsolverDnDgebrd(hipsolverHandle_t handle,
        -:  974:                                    int               m,
        -:  975:                                    int               n,
        -:  976:                                    double*           A,
        -:  977:                                    int               lda,
        -:  978:                                    double*           D,
        -:  979:                                    double*           E,
        -:  980:                                    double*           tauq,
        -:  981:                                    double*           taup,
        -:  982:                                    double*           work,
        -:  983:                                    int               lwork,
        -:  984:                                    int*              devInfo)
        -:  985:{
    #####:  986:    return hipsolverDgebrd(handle, m, n, A, lda, D, E, tauq, taup, work, lwork, devInfo);
        -:  987:}
        -:  988:
    #####:  989:hipsolverStatus_t hipsolverDnCgebrd(hipsolverHandle_t handle,
        -:  990:                                    int               m,
        -:  991:                                    int               n,
        -:  992:                                    hipFloatComplex*  A,
        -:  993:                                    int               lda,
        -:  994:                                    float*            D,
        -:  995:                                    float*            E,
        -:  996:                                    hipFloatComplex*  tauq,
        -:  997:                                    hipFloatComplex*  taup,
        -:  998:                                    hipFloatComplex*  work,
        -:  999:                                    int               lwork,
        -: 1000:                                    int*              devInfo)
        -: 1001:{
    #####: 1002:    return hipsolverCgebrd(handle, m, n, A, lda, D, E, tauq, taup, work, lwork, devInfo);
        -: 1003:}
        -: 1004:
    #####: 1005:hipsolverStatus_t hipsolverDnZgebrd(hipsolverHandle_t handle,
        -: 1006:                                    int               m,
        -: 1007:                                    int               n,
        -: 1008:                                    hipDoubleComplex* A,
        -: 1009:                                    int               lda,
        -: 1010:                                    double*           D,
        -: 1011:                                    double*           E,
        -: 1012:                                    hipDoubleComplex* tauq,
        -: 1013:                                    hipDoubleComplex* taup,
        -: 1014:                                    hipDoubleComplex* work,
        -: 1015:                                    int               lwork,
        -: 1016:                                    int*              devInfo)
        -: 1017:{
    #####: 1018:    return hipsolverZgebrd(handle, m, n, A, lda, D, E, tauq, taup, work, lwork, devInfo);
        -: 1019:}
        -: 1020:
        -: 1021:// gels
    #####: 1022:hipsolverStatus_t hipsolverDnSSgels_bufferSize(hipsolverHandle_t handle,
        -: 1023:                                               int               m,
        -: 1024:                                               int               n,
        -: 1025:                                               int               nrhs,
        -: 1026:                                               float*            A,
        -: 1027:                                               int               lda,
        -: 1028:                                               float*            B,
        -: 1029:                                               int               ldb,
        -: 1030:                                               float*            X,
        -: 1031:                                               int               ldx,
        -: 1032:                                               void*             work,
        -: 1033:                                               size_t*           lwork)
        -: 1034:{
    #####: 1035:    return hipsolverSSgels_bufferSize(handle, m, n, nrhs, A, lda, B, ldb, X, ldx, lwork);
        -: 1036:}
        -: 1037:
    #####: 1038:hipsolverStatus_t hipsolverDnDDgels_bufferSize(hipsolverHandle_t handle,
        -: 1039:                                               int               m,
        -: 1040:                                               int               n,
        -: 1041:                                               int               nrhs,
        -: 1042:                                               double*           A,
        -: 1043:                                               int               lda,
        -: 1044:                                               double*           B,
        -: 1045:                                               int               ldb,
        -: 1046:                                               double*           X,
        -: 1047:                                               int               ldx,
        -: 1048:                                               void*             work,
        -: 1049:                                               size_t*           lwork)
        -: 1050:{
    #####: 1051:    return hipsolverDDgels_bufferSize(handle, m, n, nrhs, A, lda, B, ldb, X, ldx, lwork);
        -: 1052:}
        -: 1053:
    #####: 1054:hipsolverStatus_t hipsolverDnCCgels_bufferSize(hipsolverHandle_t handle,
        -: 1055:                                               int               m,
        -: 1056:                                               int               n,
        -: 1057:                                               int               nrhs,
        -: 1058:                                               hipFloatComplex*  A,
        -: 1059:                                               int               lda,
        -: 1060:                                               hipFloatComplex*  B,
        -: 1061:                                               int               ldb,
        -: 1062:                                               hipFloatComplex*  X,
        -: 1063:                                               int               ldx,
        -: 1064:                                               void*             work,
        -: 1065:                                               size_t*           lwork)
        -: 1066:{
    #####: 1067:    return hipsolverCCgels_bufferSize(handle, m, n, nrhs, A, lda, B, ldb, X, ldx, lwork);
        -: 1068:}
        -: 1069:
    #####: 1070:hipsolverStatus_t hipsolverDnZZgels_bufferSize(hipsolverHandle_t handle,
        -: 1071:                                               int               m,
        -: 1072:                                               int               n,
        -: 1073:                                               int               nrhs,
        -: 1074:                                               hipDoubleComplex* A,
        -: 1075:                                               int               lda,
        -: 1076:                                               hipDoubleComplex* B,
        -: 1077:                                               int               ldb,
        -: 1078:                                               hipDoubleComplex* X,
        -: 1079:                                               int               ldx,
        -: 1080:                                               void*             work,
        -: 1081:                                               size_t*           lwork)
        -: 1082:{
    #####: 1083:    return hipsolverZZgels_bufferSize(handle, m, n, nrhs, A, lda, B, ldb, X, ldx, lwork);
        -: 1084:}
        -: 1085:
    #####: 1086:hipsolverStatus_t hipsolverDnSSgels(hipsolverHandle_t handle,
        -: 1087:                                    int               m,
        -: 1088:                                    int               n,
        -: 1089:                                    int               nrhs,
        -: 1090:                                    float*            A,
        -: 1091:                                    int               lda,
        -: 1092:                                    float*            B,
        -: 1093:                                    int               ldb,
        -: 1094:                                    float*            X,
        -: 1095:                                    int               ldx,
        -: 1096:                                    void*             work,
        -: 1097:                                    size_t            lwork,
        -: 1098:                                    int*              niters,
        -: 1099:                                    int*              devInfo)
        -: 1100:{
    #####: 1101:    return hipsolverSSgels(
    #####: 1102:        handle, m, n, nrhs, A, lda, B, ldb, X, ldx, work, lwork, niters, devInfo);
        -: 1103:}
        -: 1104:
    #####: 1105:hipsolverStatus_t hipsolverDnDDgels(hipsolverHandle_t handle,
        -: 1106:                                    int               m,
        -: 1107:                                    int               n,
        -: 1108:                                    int               nrhs,
        -: 1109:                                    double*           A,
        -: 1110:                                    int               lda,
        -: 1111:                                    double*           B,
        -: 1112:                                    int               ldb,
        -: 1113:                                    double*           X,
        -: 1114:                                    int               ldx,
        -: 1115:                                    void*             work,
        -: 1116:                                    size_t            lwork,
        -: 1117:                                    int*              niters,
        -: 1118:                                    int*              devInfo)
        -: 1119:{
    #####: 1120:    return hipsolverDDgels(
    #####: 1121:        handle, m, n, nrhs, A, lda, B, ldb, X, ldx, work, lwork, niters, devInfo);
        -: 1122:}
        -: 1123:
    #####: 1124:hipsolverStatus_t hipsolverDnCCgels(hipsolverHandle_t handle,
        -: 1125:                                    int               m,
        -: 1126:                                    int               n,
        -: 1127:                                    int               nrhs,
        -: 1128:                                    hipFloatComplex*  A,
        -: 1129:                                    int               lda,
        -: 1130:                                    hipFloatComplex*  B,
        -: 1131:                                    int               ldb,
        -: 1132:                                    hipFloatComplex*  X,
        -: 1133:                                    int               ldx,
        -: 1134:                                    void*             work,
        -: 1135:                                    size_t            lwork,
        -: 1136:                                    int*              niters,
        -: 1137:                                    int*              devInfo)
        -: 1138:{
    #####: 1139:    return hipsolverCCgels(
    #####: 1140:        handle, m, n, nrhs, A, lda, B, ldb, X, ldx, work, lwork, niters, devInfo);
        -: 1141:}
        -: 1142:
    #####: 1143:hipsolverStatus_t hipsolverDnZZgels(hipsolverHandle_t handle,
        -: 1144:                                    int               m,
        -: 1145:                                    int               n,
        -: 1146:                                    int               nrhs,
        -: 1147:                                    hipDoubleComplex* A,
        -: 1148:                                    int               lda,
        -: 1149:                                    hipDoubleComplex* B,
        -: 1150:                                    int               ldb,
        -: 1151:                                    hipDoubleComplex* X,
        -: 1152:                                    int               ldx,
        -: 1153:                                    void*             work,
        -: 1154:                                    size_t            lwork,
        -: 1155:                                    int*              niters,
        -: 1156:                                    int*              devInfo)
        -: 1157:{
    #####: 1158:    return hipsolverZZgels(
    #####: 1159:        handle, m, n, nrhs, A, lda, B, ldb, X, ldx, work, lwork, niters, devInfo);
        -: 1160:}
        -: 1161:
        -: 1162:// geqrf
    #####: 1163:hipsolverStatus_t hipsolverDnSgeqrf_bufferSize(
        -: 1164:    hipsolverHandle_t handle, int m, int n, float* A, int lda, int* lwork)
        -: 1165:{
    #####: 1166:    return hipsolverSgeqrf_bufferSize(handle, m, n, A, lda, lwork);
        -: 1167:}
        -: 1168:
    #####: 1169:hipsolverStatus_t hipsolverDnDgeqrf_bufferSize(
        -: 1170:    hipsolverHandle_t handle, int m, int n, double* A, int lda, int* lwork)
        -: 1171:{
    #####: 1172:    return hipsolverDgeqrf_bufferSize(handle, m, n, A, lda, lwork);
        -: 1173:}
        -: 1174:
    #####: 1175:hipsolverStatus_t hipsolverDnCgeqrf_bufferSize(
        -: 1176:    hipsolverHandle_t handle, int m, int n, hipFloatComplex* A, int lda, int* lwork)
        -: 1177:{
    #####: 1178:    return hipsolverCgeqrf_bufferSize(handle, m, n, A, lda, lwork);
        -: 1179:}
        -: 1180:
    #####: 1181:hipsolverStatus_t hipsolverDnZgeqrf_bufferSize(
        -: 1182:    hipsolverHandle_t handle, int m, int n, hipDoubleComplex* A, int lda, int* lwork)
        -: 1183:{
    #####: 1184:    return hipsolverZgeqrf_bufferSize(handle, m, n, A, lda, lwork);
        -: 1185:}
        -: 1186:
    #####: 1187:hipsolverStatus_t hipsolverDnSgeqrf(hipsolverHandle_t handle,
        -: 1188:                                    int               m,
        -: 1189:                                    int               n,
        -: 1190:                                    float*            A,
        -: 1191:                                    int               lda,
        -: 1192:                                    float*            tau,
        -: 1193:                                    float*            work,
        -: 1194:                                    int               lwork,
        -: 1195:                                    int*              devInfo)
        -: 1196:{
    #####: 1197:    return hipsolverSgeqrf(handle, m, n, A, lda, tau, work, lwork, devInfo);
        -: 1198:}
        -: 1199:
    #####: 1200:hipsolverStatus_t hipsolverDnDgeqrf(hipsolverHandle_t handle,
        -: 1201:                                    int               m,
        -: 1202:                                    int               n,
        -: 1203:                                    double*           A,
        -: 1204:                                    int               lda,
        -: 1205:                                    double*           tau,
        -: 1206:                                    double*           work,
        -: 1207:                                    int               lwork,
        -: 1208:                                    int*              devInfo)
        -: 1209:{
    #####: 1210:    return hipsolverDgeqrf(handle, m, n, A, lda, tau, work, lwork, devInfo);
        -: 1211:}
        -: 1212:
    #####: 1213:hipsolverStatus_t hipsolverDnCgeqrf(hipsolverHandle_t handle,
        -: 1214:                                    int               m,
        -: 1215:                                    int               n,
        -: 1216:                                    hipFloatComplex*  A,
        -: 1217:                                    int               lda,
        -: 1218:                                    hipFloatComplex*  tau,
        -: 1219:                                    hipFloatComplex*  work,
        -: 1220:                                    int               lwork,
        -: 1221:                                    int*              devInfo)
        -: 1222:{
    #####: 1223:    return hipsolverCgeqrf(handle, m, n, A, lda, tau, work, lwork, devInfo);
        -: 1224:}
        -: 1225:
[...]
        -: 3333:                                      lwork,
    #####: 3334:                                      params);
        -: 3335:}
        -: 3336:
    #####: 3337:hipsolverStatus_t hipsolverDnSsygvj(hipsolverDnHandle_t  handle,
        -: 3338:                                    hipsolverEigType_t   itype,
        -: 3339:                                    hipsolverEigMode_t   jobz,
        -: 3340:                                    hipsolverFillMode_t  uplo,
        -: 3341:                                    int                  n,
        -: 3342:                                    float*               A,
        -: 3343:                                    int                  lda,
        -: 3344:                                    float*               B,
        -: 3345:                                    int                  ldb,
        -: 3346:                                    float*               W,
        -: 3347:                                    float*               work,
        -: 3348:                                    int                  lwork,
        -: 3349:                                    int*                 devInfo,
        -: 3350:                                    hipsolverSyevjInfo_t params)
        -: 3351:{
    #####: 3352:    return hipsolverSsygvj(
    #####: 3353:        handle, itype, jobz, uplo, n, A, lda, B, ldb, W, work, lwork, devInfo, params);
        -: 3354:}
        -: 3355:
    #####: 3356:hipsolverStatus_t hipsolverDnDsygvj(hipsolverDnHandle_t  handle,
        -: 3357:                                    hipsolverEigType_t   itype,
        -: 3358:                                    hipsolverEigMode_t   jobz,
        -: 3359:                                    hipsolverFillMode_t  uplo,
        -: 3360:                                    int                  n,
        -: 3361:                                    double*              A,
        -: 3362:                                    int                  lda,
        -: 3363:                                    double*              B,
        -: 3364:                                    int                  ldb,
        -: 3365:                                    double*              W,
        -: 3366:                                    double*              work,
        -: 3367:                                    int                  lwork,
        -: 3368:                                    int*                 devInfo,
        -: 3369:                                    hipsolverSyevjInfo_t params)
        -: 3370:{
    #####: 3371:    return hipsolverDsygvj(
    #####: 3372:        handle, itype, jobz, uplo, n, A, lda, B, ldb, W, work, lwork, devInfo, params);
        -: 3373:}
        -: 3374:
    #####: 3375:hipsolverStatus_t hipsolverDnChegvj(hipsolverDnHandle_t  handle,
        -: 3376:                                    hipsolverEigType_t   itype,
        -: 3377:                                    hipsolverEigMode_t   jobz,
        -: 3378:                                    hipsolverFillMode_t  uplo,
        -: 3379:                                    int                  n,
        -: 3380:                                    hipFloatComplex*     A,
        -: 3381:                                    int                  lda,
        -: 3382:                                    hipFloatComplex*     B,
        -: 3383:                                    int                  ldb,
        -: 3384:                                    float*               W,
        -: 3385:                                    hipFloatComplex*     work,
        -: 3386:                                    int                  lwork,
        -: 3387:                                    int*                 devInfo,
        -: 3388:                                    hipsolverSyevjInfo_t params)
        -: 3389:{
    #####: 3390:    return hipsolverChegvj(
    #####: 3391:        handle, itype, jobz, uplo, n, A, lda, B, ldb, W, work, lwork, devInfo, params);
        -: 3392:}
        -: 3393:
    #####: 3394:hipsolverStatus_t hipsolverDnZhegvj(hipsolverDnHandle_t  handle,
        -: 3395:                                    hipsolverEigType_t   itype,
        -: 3396:                                    hipsolverEigMode_t   jobz,
        -: 3397:                                    hipsolverFillMode_t  uplo,
        -: 3398:                                    int                  n,
        -: 3399:                                    hipDoubleComplex*    A,
        -: 3400:                                    int                  lda,
        -: 3401:                                    hipDoubleComplex*    B,
        -: 3402:                                    int                  ldb,
        -: 3403:                                    double*              W,
        -: 3404:                                    hipDoubleComplex*    work,
        -: 3405:                                    int                  lwork,
        -: 3406:                                    int*                 devInfo,
        -: 3407:                                    hipsolverSyevjInfo_t params)
        -: 3408:{
    #####: 3409:    return hipsolverZhegvj(
    #####: 3410:        handle, itype, jobz, uplo, n, A, lda, B, ldb, W, work, lwork, devInfo, params);
        -: 3411:}
        -: 3412:
        -: 3413:// sytrd/hetrd
    #####: 3414:hipsolverStatus_t hipsolverDnSsytrd_bufferSize(hipsolverHandle_t   handle,
        -: 3415:                                               hipsolverFillMode_t uplo,
        -: 3416:                                               int                 n,
        -: 3417:                                               const float*        A,
        -: 3418:                                               int                 lda,
        -: 3419:                                               const float*        D,
        -: 3420:                                               const float*        E,
        -: 3421:                                               const float*        tau,
        -: 3422:                                               int*                lwork)
        -: 3423:{
    #####: 3424:    return hipsolverSsytrd_bufferSize(handle,
        -: 3425:                                      uplo,
        -: 3426:                                      n,
        -: 3427:                                      const_cast<float*>(A),
        -: 3428:                                      lda,
        -: 3429:                                      const_cast<float*>(D),
        -: 3430:                                      const_cast<float*>(E),
        -: 3431:                                      const_cast<float*>(tau),
    #####: 3432:                                      lwork);
        -: 3433:}
        -: 3434:
    #####: 3435:hipsolverStatus_t hipsolverDnDsytrd_bufferSize(hipsolverHandle_t   handle,
        -: 3436:                                               hipsolverFillMode_t uplo,
        -: 3437:                                               int                 n,
        -: 3438:                                               const double*       A,
        -: 3439:                                               int                 lda,
        -: 3440:                                               const double*       D,
        -: 3441:                                               const double*       E,
        -: 3442:                                               const double*       tau,
        -: 3443:                                               int*                lwork)
        -: 3444:{
    #####: 3445:    return hipsolverDsytrd_bufferSize(handle,
        -: 3446:                                      uplo,
        -: 3447:                                      n,
        -: 3448:                                      const_cast<double*>(A),
        -: 3449:                                      lda,
        -: 3450:                                      const_cast<double*>(D),
        -: 3451:                                      const_cast<double*>(E),
        -: 3452:                                      const_cast<double*>(tau),
    #####: 3453:                                      lwork);
        -: 3454:}
        -: 3455:
    #####: 3456:hipsolverStatus_t hipsolverDnChetrd_bufferSize(hipsolverHandle_t      handle,
        -: 3457:                                               hipsolverFillMode_t    uplo,
        -: 3458:                                               int                    n,
        -: 3459:                                               const hipFloatComplex* A,
        -: 3460:                                               int                    lda,
        -: 3461:                                               const float*           D,
        -: 3462:                                               const float*           E,
        -: 3463:                                               const hipFloatComplex* tau,
        -: 3464:                                               int*                   lwork)
        -: 3465:{
    #####: 3466:    return hipsolverChetrd_bufferSize(handle,
        -: 3467:                                      uplo,
        -: 3468:                                      n,
        -: 3469:                                      const_cast<hipFloatComplex*>(A),
        -: 3470:                                      lda,
        -: 3471:                                      const_cast<float*>(D),
        -: 3472:                                      const_cast<float*>(E),
        -: 3473:                                      const_cast<hipFloatComplex*>(tau),
    #####: 3474:                                      lwork);
        -: 3475:}
        -: 3476:
    #####: 3477:hipsolverStatus_t hipsolverDnZhetrd_bufferSize(hipsolverHandle_t       handle,
        -: 3478:                                               hipsolverFillMode_t     uplo,
        -: 3479:                                               int                     n,
        -: 3480:                                               const hipDoubleComplex* A,
        -: 3481:                                               int                     lda,
        -: 3482:                                               const double*           D,
        -: 3483:                                               const double*           E,
        -: 3484:                                               const hipDoubleComplex* tau,
        -: 3485:                                               int*                    lwork)
        -: 3486:{
    #####: 3487:    return hipsolverZhetrd_bufferSize(handle,
        -: 3488:                                      uplo,
        -: 3489:                                      n,
        -: 3490:                                      const_cast<hipDoubleComplex*>(A),
        -: 3491:                                      lda,
        -: 3492:                                      const_cast<double*>(D),
        -: 3493:                                      const_cast<double*>(E),
        -: 3494:                                      const_cast<hipDoubleComplex*>(tau),
    #####: 3495:                                      lwork);
        -: 3496:}
        -: 3497:
    #####: 3498:hipsolverStatus_t hipsolverDnSsytrd(hipsolverHandle_t   handle,
        -: 3499:                                    hipsolverFillMode_t uplo,
        -: 3500:                                    int                 n,
        -: 3501:                                    float*              A,
        -: 3502:                                    int                 lda,
        -: 3503:                                    float*              D,
        -: 3504:                                    float*              E,
        -: 3505:                                    float*              tau,
        -: 3506:                                    float*              work,
        -: 3507:                                    int                 lwork,
        -: 3508:                                    int*                devInfo)
        -: 3509:{
    #####: 3510:    return hipsolverSsytrd(handle, uplo, n, A, lda, D, E, tau, work, lwork, devInfo);
        -: 3511:}
        -: 3512:
    #####: 3513:hipsolverStatus_t hipsolverDnDsytrd(hipsolverHandle_t   handle,
        -: 3514:                                    hipsolverFillMode_t uplo,
        -: 3515:                                    int                 n,
        -: 3516:                                    double*             A,
        -: 3517:                                    int                 lda,
        -: 3518:                                    double*             D,
        -: 3519:                                    double*             E,
        -: 3520:                                    double*             tau,
        -: 3521:                                    double*             work,
        -: 3522:                                    int                 lwork,
        -: 3523:                                    int*                devInfo)
        -: 3524:{
    #####: 3525:    return hipsolverDsytrd(handle, uplo, n, A, lda, D, E, tau, work, lwork, devInfo);
        -: 3526:}
        -: 3527:
    #####: 3528:hipsolverStatus_t hipsolverDnChetrd(hipsolverHandle_t   handle,
        -: 3529:                                    hipsolverFillMode_t uplo,
        -: 3530:                                    int                 n,
        -: 3531:                                    hipFloatComplex*    A,
        -: 3532:                                    int                 lda,
        -: 3533:                                    float*              D,
        -: 3534:                                    float*              E,
        -: 3535:                                    hipFloatComplex*    tau,
        -: 3536:                                    hipFloatComplex*    work,
        -: 3537:                                    int                 lwork,
        -: 3538:                                    int*                devInfo)
        -: 3539:{
    #####: 3540:    return hipsolverChetrd(handle, uplo, n, A, lda, D, E, tau, work, lwork, devInfo);
        -: 3541:}
        -: 3542:
    #####: 3543:hipsolverStatus_t hipsolverDnZhetrd(hipsolverHandle_t   handle,
        -: 3544:                                    hipsolverFillMode_t uplo,
        -: 3545:                                    int                 n,
        -: 3546:                                    hipDoubleComplex*   A,
        -: 3547:                                    int                 lda,
        -: 3548:                                    double*             D,
        -: 3549:                                    double*             E,
        -: 3550:                                    hipDoubleComplex*   tau,
        -: 3551:                                    hipDoubleComplex*   work,
        -: 3552:                                    int                 lwork,
        -: 3553:                                    int*                devInfo)
        -: 3554:{
    #####: 3555:    return hipsolverZhetrd(handle, uplo, n, A, lda, D, E, tau, work, lwork, devInfo);
        -: 3556:}
        -: 3557:
        -: 3558:// sytrf
        -: 3559:hipsolverStatus_t
    #####: 3560:    hipsolverDnSsytrf_bufferSize(hipsolverHandle_t handle, int n, float* A, int lda, int* lwork)
        -: 3561:{
    #####: 3562:    return hipsolverSsytrf_bufferSize(handle, n, A, lda, lwork);
        -: 3563:}
        -: 3564:
        -: 3565:hipsolverStatus_t
    #####: 3566:    hipsolverDnDsytrf_bufferSize(hipsolverHandle_t handle, int n, double* A, int lda, int* lwork)
        -: 3567:{
    #####: 3568:    return hipsolverDsytrf_bufferSize(handle, n, A, lda, lwork);
        -: 3569:}
        -: 3570:
    #####: 3571:hipsolverStatus_t hipsolverDnCsytrf_bufferSize(
        -: 3572:    hipsolverHandle_t handle, int n, hipFloatComplex* A, int lda, int* lwork)
        -: 3573:{
    #####: 3574:    return hipsolverCsytrf_bufferSize(handle, n, A, lda, lwork);
        -: 3575:}
        -: 3576:
    #####: 3577:hipsolverStatus_t hipsolverDnZsytrf_bufferSize(
        -: 3578:    hipsolverHandle_t handle, int n, hipDoubleComplex* A, int lda, int* lwork)
        -: 3579:{
    #####: 3580:    return hipsolverZsytrf_bufferSize(handle, n, A, lda, lwork);
        -: 3581:}
        -: 3582:
    #####: 3583:hipsolverStatus_t hipsolverDnSsytrf(hipsolverHandle_t   handle,
        -: 3584:                                    hipsolverFillMode_t uplo,
        -: 3585:                                    int                 n,
        -: 3586:                                    float*              A,
        -: 3587:                                    int                 lda,
        -: 3588:                                    int*                ipiv,
        -: 3589:                                    float*              work,
        -: 3590:                                    int                 lwork,
        -: 3591:                                    int*                devInfo)
        -: 3592:{
    #####: 3593:    return hipsolverSsytrf(handle, uplo, n, A, lda, ipiv, work, lwork, devInfo);
        -: 3594:}
        -: 3595:
    #####: 3596:hipsolverStatus_t hipsolverDnDsytrf(hipsolverHandle_t   handle,
        -: 3597:                                    hipsolverFillMode_t uplo,
        -: 3598:                                    int                 n,
        -: 3599:                                    double*             A,
        -: 3600:                                    int                 lda,
        -: 3601:                                    int*                ipiv,
        -: 3602:                                    double*             work,
        -: 3603:                                    int                 lwork,
        -: 3604:                                    int*                devInfo)
        -: 3605:{
    #####: 3606:    return hipsolverDsytrf(handle, uplo, n, A, lda, ipiv, work, lwork, devInfo);
        -: 3607:}
        -: 3608:
    #####: 3609:hipsolverStatus_t hipsolverDnCsytrf(hipsolverHandle_t   handle,
        -: 3610:                                    hipsolverFillMode_t uplo,
        -: 3611:                                    int                 n,
        -: 3612:                                    hipFloatComplex*    A,
        -: 3613:                                    int                 lda,
        -: 3614:                                    int*                ipiv,
        -: 3615:                                    hipFloatComplex*    work,
        -: 3616:                                    int                 lwork,
        -: 3617:                                    int*                devInfo)
        -: 3618:{
    #####: 3619:    return hipsolverCsytrf(handle, uplo, n, A, lda, ipiv, work, lwork, devInfo);
        -: 3620:}
        -: 3621:
    #####: 3622:hipsolverStatus_t hipsolverDnZsytrf(hipsolverHandle_t   handle,
        -: 3623:                                    hipsolverFillMode_t uplo,
        -: 3624:                                    int                 n,
        -: 3625:                                    hipDoubleComplex*   A,
        -: 3626:                                    int                 lda,
        -: 3627:                                    int*                ipiv,
        -: 3628:                                    hipDoubleComplex*   work,
        -: 3629:                                    int                 lwork,
        -: 3630:                                    int*                devInfo)
        -: 3631:{
    #####: 3632:    return hipsolverZsytrf(handle, uplo, n, A, lda, ipiv, work, lwork, devInfo);
        -: 3633:}
        -: 3634:
        -: 3635:} //extern C
